
> kritviya@0.1.0 start:api
> dotenv -e .env -- npm run start --workspace @kritviya/api


> @kritviya/api@0.1.0 start
> node dist/src/main.js

[32m[Nest] 31304  - [39m12/02/2026, 1:05:01 pm [32m    LOG[39m [38;5;3m[NestFactory] [39m[32mStarting Nest application...[39m
[32m[Nest] 31304  - [39m12/02/2026, 1:05:01 pm [32m    LOG[39m [38;5;3m[InstanceLoader] [39m[32mPrismaModule dependencies initialized[39m[38;5;3m +194ms[39m
[32m[Nest] 31304  - [39m12/02/2026, 1:05:01 pm [32m    LOG[39m [38;5;3m[InstanceLoader] [39m[32mJwtModule dependencies initialized[39m[38;5;3m +51ms[39m
[32m[Nest] 31304  - [39m12/02/2026, 1:05:01 pm [32m    LOG[39m [38;5;3m[InstanceLoader] [39m[32mThrottlerModule dependencies initialized[39m[38;5;3m +1ms[39m
[32m[Nest] 31304  - [39m12/02/2026, 1:05:01 pm [32m    LOG[39m [38;5;3m[InstanceLoader] [39m[32mActivityLogModule dependencies initialized[39m[38;5;3m +2ms[39m
[32m[Nest] 31304  - [39m12/02/2026, 1:05:01 pm [32m    LOG[39m [38;5;3m[InstanceLoader] [39m[32mDashboardModule dependencies initialized[39m[38;5;3m +16ms[39m
[32m[Nest] 31304  - [39m12/02/2026, 1:05:01 pm [32m    LOG[39m [38;5;3m[InstanceLoader] [39m[32mHygieneModule dependencies initialized[39m[38;5;3m +0ms[39m
[32m[Nest] 31304  - [39m12/02/2026, 1:05:01 pm [32m    LOG[39m [38;5;3m[InstanceLoader] [39m[32mNudgesModule dependencies initialized[39m[38;5;3m +1ms[39m
[32m[Nest] 31304  - [39m12/02/2026, 1:05:01 pm [32m    LOG[39m [38;5;3m[InstanceLoader] [39m[32mAuthModule dependencies initialized[39m[38;5;3m +0ms[39m
[32m[Nest] 31304  - [39m12/02/2026, 1:05:01 pm [32m    LOG[39m [38;5;3m[InstanceLoader] [39m[32mCompaniesModule dependencies initialized[39m[38;5;3m +1ms[39m
[32m[Nest] 31304  - [39m12/02/2026, 1:05:01 pm [32m    LOG[39m [38;5;3m[InstanceLoader] [39m[32mContactsModule dependencies initialized[39m[38;5;3m +0ms[39m
[32m[Nest] 31304  - [39m12/02/2026, 1:05:01 pm [32m    LOG[39m [38;5;3m[InstanceLoader] [39m[32mLeadsModule dependencies initialized[39m[38;5;3m +1ms[39m
[32m[Nest] 31304  - [39m12/02/2026, 1:05:01 pm [32m    LOG[39m [38;5;3m[InstanceLoader] [39m[32mDealsModule dependencies initialized[39m[38;5;3m +0ms[39m
[32m[Nest] 31304  - [39m12/02/2026, 1:05:01 pm [32m    LOG[39m [38;5;3m[InstanceLoader] [39m[32mInvoicesModule dependencies initialized[39m[38;5;3m +0ms[39m
[32m[Nest] 31304  - [39m12/02/2026, 1:05:01 pm [32m    LOG[39m [38;5;3m[InstanceLoader] [39m[32mWorkItemsModule dependencies initialized[39m[38;5;3m +0ms[39m
[32m[Nest] 31304  - [39m12/02/2026, 1:05:01 pm [32m    LOG[39m [38;5;3m[InstanceLoader] [39m[32mAppModule dependencies initialized[39m[38;5;3m +1ms[39m
[32m[Nest] 31304  - [39m12/02/2026, 1:05:01 pm [32m    LOG[39m [38;5;3m[RoutesResolver] [39m[32mHealthController {/health}:[39m[38;5;3m +30ms[39m
[32m[Nest] 31304  - [39m12/02/2026, 1:05:01 pm [32m    LOG[39m [38;5;3m[RouterExplorer] [39m[32mMapped {/health, GET} route[39m[38;5;3m +16ms[39m
[32m[Nest] 31304  - [39m12/02/2026, 1:05:01 pm [32m    LOG[39m [38;5;3m[RoutesResolver] [39m[32mReadyController {/}:[39m[38;5;3m +1ms[39m
[32m[Nest] 31304  - [39m12/02/2026, 1:05:01 pm [32m    LOG[39m [38;5;3m[RouterExplorer] [39m[32mMapped {/ready, GET} route[39m[38;5;3m +1ms[39m
[32m[Nest] 31304  - [39m12/02/2026, 1:05:01 pm [32m    LOG[39m [38;5;3m[RoutesResolver] [39m[32mSecureController {/secure}:[39m[38;5;3m +0ms[39m
[32m[Nest] 31304  - [39m12/02/2026, 1:05:01 pm [32m    LOG[39m [38;5;3m[RouterExplorer] [39m[32mMapped {/secure/admin-only, GET} route[39m[38;5;3m +3ms[39m
[32m[Nest] 31304  - [39m12/02/2026, 1:05:01 pm [32m    LOG[39m [38;5;3m[RouterExplorer] [39m[32mMapped {/secure/finance-only, GET} route[39m[38;5;3m +4ms[39m
[32m[Nest] 31304  - [39m12/02/2026, 1:05:01 pm [32m    LOG[39m [38;5;3m[RoutesResolver] [39m[32mAuthController {/auth}:[39m[38;5;3m +1ms[39m
[32m[Nest] 31304  - [39m12/02/2026, 1:05:01 pm [32m    LOG[39m [38;5;3m[RouterExplorer] [39m[32mMapped {/auth/login, POST} route[39m[38;5;3m +3ms[39m
[32m[Nest] 31304  - [39m12/02/2026, 1:05:01 pm [32m    LOG[39m [38;5;3m[RouterExplorer] [39m[32mMapped {/auth/refresh, POST} route[39m[38;5;3m +2ms[39m
[32m[Nest] 31304  - [39m12/02/2026, 1:05:01 pm [32m    LOG[39m [38;5;3m[RouterExplorer] [39m[32mMapped {/auth/logout, POST} route[39m[38;5;3m +1ms[39m
[32m[Nest] 31304  - [39m12/02/2026, 1:05:01 pm [32m    LOG[39m [38;5;3m[RouterExplorer] [39m[32mMapped {/auth/me, GET} route[39m[38;5;3m +1ms[39m
[32m[Nest] 31304  - [39m12/02/2026, 1:05:01 pm [32m    LOG[39m [38;5;3m[RoutesResolver] [39m[32mCompaniesController {/companies}:[39m[38;5;3m +0ms[39m
[32m[Nest] 31304  - [39m12/02/2026, 1:05:01 pm [32m    LOG[39m [38;5;3m[RouterExplorer] [39m[32mMapped {/companies, GET} route[39m[38;5;3m +3ms[39m
[32m[Nest] 31304  - [39m12/02/2026, 1:05:01 pm [32m    LOG[39m [38;5;3m[RouterExplorer] [39m[32mMapped {/companies/:id, GET} route[39m[38;5;3m +2ms[39m
[32m[Nest] 31304  - [39m12/02/2026, 1:05:01 pm [32m    LOG[39m [38;5;3m[RouterExplorer] [39m[32mMapped {/companies, POST} route[39m[38;5;3m +1ms[39m
[32m[Nest] 31304  - [39m12/02/2026, 1:05:01 pm [32m    LOG[39m [38;5;3m[RouterExplorer] [39m[32mMapped {/companies/:id, PATCH} route[39m[38;5;3m +3ms[39m
[32m[Nest] 31304  - [39m12/02/2026, 1:05:01 pm [32m    LOG[39m [38;5;3m[RoutesResolver] [39m[32mContactsController {/}:[39m[38;5;3m +0ms[39m
[32m[Nest] 31304  - [39m12/02/2026, 1:05:01 pm [32m    LOG[39m [38;5;3m[RouterExplorer] [39m[32mMapped {/companies/:companyId/contacts, GET} route[39m[38;5;3m +2ms[39m
[32m[Nest] 31304  - [39m12/02/2026, 1:05:01 pm [32m    LOG[39m [38;5;3m[RouterExplorer] [39m[32mMapped {/contacts, POST} route[39m[38;5;3m +2ms[39m
[32m[Nest] 31304  - [39m12/02/2026, 1:05:01 pm [32m    LOG[39m [38;5;3m[RouterExplorer] [39m[32mMapped {/contacts/:id, PATCH} route[39m[38;5;3m +1ms[39m
[32m[Nest] 31304  - [39m12/02/2026, 1:05:01 pm [32m    LOG[39m [38;5;3m[RoutesResolver] [39m[32mLeadsController {/leads}:[39m[38;5;3m +1ms[39m
[32m[Nest] 31304  - [39m12/02/2026, 1:05:01 pm [32m    LOG[39m [38;5;3m[RouterExplorer] [39m[32mMapped {/leads, GET} route[39m[38;5;3m +1ms[39m
[32m[Nest] 31304  - [39m12/02/2026, 1:05:01 pm [32m    LOG[39m [38;5;3m[RouterExplorer] [39m[32mMapped {/leads, POST} route[39m[38;5;3m +1ms[39m
[32m[Nest] 31304  - [39m12/02/2026, 1:05:01 pm [32m    LOG[39m [38;5;3m[RouterExplorer] [39m[32mMapped {/leads/:id, PATCH} route[39m[38;5;3m +1ms[39m
[32m[Nest] 31304  - [39m12/02/2026, 1:05:01 pm [32m    LOG[39m [38;5;3m[RouterExplorer] [39m[32mMapped {/leads/:id/convert-to-deal, POST} route[39m[38;5;3m +1ms[39m
[32m[Nest] 31304  - [39m12/02/2026, 1:05:01 pm [32m    LOG[39m [38;5;3m[RoutesResolver] [39m[32mDealsController {/deals}:[39m[38;5;3m +0ms[39m
[32m[Nest] 31304  - [39m12/02/2026, 1:05:01 pm [32m    LOG[39m [38;5;3m[RouterExplorer] [39m[32mMapped {/deals, GET} route[39m[38;5;3m +1ms[39m
[32m[Nest] 31304  - [39m12/02/2026, 1:05:01 pm [32m    LOG[39m [38;5;3m[RouterExplorer] [39m[32mMapped {/deals, POST} route[39m[38;5;3m +1ms[39m
[32m[Nest] 31304  - [39m12/02/2026, 1:05:01 pm [32m    LOG[39m [38;5;3m[RouterExplorer] [39m[32mMapped {/deals/:id, PATCH} route[39m[38;5;3m +1ms[39m
[32m[Nest] 31304  - [39m12/02/2026, 1:05:01 pm [32m    LOG[39m [38;5;3m[RouterExplorer] [39m[32mMapped {/deals/:id/mark-won, POST} route[39m[38;5;3m +0ms[39m
[32m[Nest] 31304  - [39m12/02/2026, 1:05:01 pm [32m    LOG[39m [38;5;3m[RouterExplorer] [39m[32mMapped {/deals/:id/mark-lost, POST} route[39m[38;5;3m +1ms[39m
[32m[Nest] 31304  - [39m12/02/2026, 1:05:01 pm [32m    LOG[39m [38;5;3m[RoutesResolver] [39m[32mInvoicesController {/invoices}:[39m[38;5;3m +0ms[39m
[32m[Nest] 31304  - [39m12/02/2026, 1:05:01 pm [32m    LOG[39m [38;5;3m[RouterExplorer] [39m[32mMapped {/invoices, GET} route[39m[38;5;3m +1ms[39m
[32m[Nest] 31304  - [39m12/02/2026, 1:05:01 pm [32m    LOG[39m [38;5;3m[RouterExplorer] [39m[32mMapped {/invoices, POST} route[39m[38;5;3m +3ms[39m
[32m[Nest] 31304  - [39m12/02/2026, 1:05:01 pm [32m    LOG[39m [38;5;3m[RouterExplorer] [39m[32mMapped {/invoices/:id, GET} route[39m[38;5;3m +0ms[39m
[32m[Nest] 31304  - [39m12/02/2026, 1:05:01 pm [32m    LOG[39m [38;5;3m[RouterExplorer] [39m[32mMapped {/invoices/:id, PATCH} route[39m[38;5;3m +2ms[39m
[32m[Nest] 31304  - [39m12/02/2026, 1:05:01 pm [32m    LOG[39m [38;5;3m[RouterExplorer] [39m[32mMapped {/invoices/:id/send, POST} route[39m[38;5;3m +0ms[39m
[32m[Nest] 31304  - [39m12/02/2026, 1:05:01 pm [32m    LOG[39m [38;5;3m[RouterExplorer] [39m[32mMapped {/invoices/:id/mark-paid, POST} route[39m[38;5;3m +1ms[39m
[32m[Nest] 31304  - [39m12/02/2026, 1:05:01 pm [32m    LOG[39m [38;5;3m[RouterExplorer] [39m[32mMapped {/invoices/:id/unlock, POST} route[39m[38;5;3m +1ms[39m
[32m[Nest] 31304  - [39m12/02/2026, 1:05:01 pm [32m    LOG[39m [38;5;3m[RouterExplorer] [39m[32mMapped {/invoices/:id/activity, GET} route[39m[38;5;3m +0ms[39m
[32m[Nest] 31304  - [39m12/02/2026, 1:05:01 pm [32m    LOG[39m [38;5;3m[RoutesResolver] [39m[32mWorkItemsController {/work-items}:[39m[38;5;3m +1ms[39m
[32m[Nest] 31304  - [39m12/02/2026, 1:05:01 pm [32m    LOG[39m [38;5;3m[RouterExplorer] [39m[32mMapped {/work-items, GET} route[39m[38;5;3m +1ms[39m
[32m[Nest] 31304  - [39m12/02/2026, 1:05:01 pm [32m    LOG[39m [38;5;3m[RouterExplorer] [39m[32mMapped {/work-items, POST} route[39m[38;5;3m +0ms[39m
[32m[Nest] 31304  - [39m12/02/2026, 1:05:01 pm [32m    LOG[39m [38;5;3m[RouterExplorer] [39m[32mMapped {/work-items/:id, GET} route[39m[38;5;3m +2ms[39m
[32m[Nest] 31304  - [39m12/02/2026, 1:05:01 pm [32m    LOG[39m [38;5;3m[RouterExplorer] [39m[32mMapped {/work-items/:id, PATCH} route[39m[38;5;3m +0ms[39m
[32m[Nest] 31304  - [39m12/02/2026, 1:05:01 pm [32m    LOG[39m [38;5;3m[RouterExplorer] [39m[32mMapped {/work-items/:id/transition, POST} route[39m[38;5;3m +1ms[39m
[32m[Nest] 31304  - [39m12/02/2026, 1:05:01 pm [32m    LOG[39m [38;5;3m[RouterExplorer] [39m[32mMapped {/work-items/:id/complete, POST} route[39m[38;5;3m +1ms[39m
[32m[Nest] 31304  - [39m12/02/2026, 1:05:01 pm [32m    LOG[39m [38;5;3m[RouterExplorer] [39m[32mMapped {/work-items/:id/activity, GET} route[39m[38;5;3m +1ms[39m
[32m[Nest] 31304  - [39m12/02/2026, 1:05:01 pm [32m    LOG[39m [38;5;3m[RoutesResolver] [39m[32mDashboardController {/dashboard}:[39m[38;5;3m +0ms[39m
[32m[Nest] 31304  - [39m12/02/2026, 1:05:01 pm [32m    LOG[39m [38;5;3m[RouterExplorer] [39m[32mMapped {/dashboard/ceo, GET} route[39m[38;5;3m +1ms[39m
[32m[Nest] 31304  - [39m12/02/2026, 1:05:01 pm [32m    LOG[39m [38;5;3m[RoutesResolver] [39m[32mHygieneController {/hygiene}:[39m[38;5;3m +0ms[39m
[32m[Nest] 31304  - [39m12/02/2026, 1:05:01 pm [32m    LOG[39m [38;5;3m[RouterExplorer] [39m[32mMapped {/hygiene/inbox, GET} route[39m[38;5;3m +1ms[39m
[32m[Nest] 31304  - [39m12/02/2026, 1:05:01 pm [32m    LOG[39m [38;5;3m[RoutesResolver] [39m[32mNudgesController {/nudges}:[39m[38;5;3m +0ms[39m
[32m[Nest] 31304  - [39m12/02/2026, 1:05:01 pm [32m    LOG[39m [38;5;3m[RouterExplorer] [39m[32mMapped {/nudges, POST} route[39m[38;5;3m +5ms[39m
[32m[Nest] 31304  - [39m12/02/2026, 1:05:01 pm [32m    LOG[39m [38;5;3m[RouterExplorer] [39m[32mMapped {/nudges, GET} route[39m[38;5;3m +0ms[39m
[32m[Nest] 31304  - [39m12/02/2026, 1:05:01 pm [32m    LOG[39m [38;5;3m[RouterExplorer] [39m[32mMapped {/nudges/:id/resolve, POST} route[39m[38;5;3m +1ms[39m
[32m[Nest] 31304  - [39m12/02/2026, 1:05:01 pm [32m    LOG[39m [38;5;3m[RoutesResolver] [39m[32mFeedController {/feed}:[39m[38;5;3m +0ms[39m
[32m[Nest] 31304  - [39m12/02/2026, 1:05:01 pm [32m    LOG[39m [38;5;3m[RouterExplorer] [39m[32mMapped {/feed, GET} route[39m[38;5;3m +1ms[39m
[32m[Nest] 31304  - [39m12/02/2026, 1:05:01 pm [32m    LOG[39m [38;5;3m[RoutesResolver] [39m[32mUsersController {/users}:[39m[38;5;3m +0ms[39m
[32m[Nest] 31304  - [39m12/02/2026, 1:05:01 pm [32m    LOG[39m [38;5;3m[RouterExplorer] [39m[32mMapped {/users, GET} route[39m[38;5;3m +0ms[39m
[32m[Nest] 31304  - [39m12/02/2026, 1:05:02 pm [32m    LOG[39m [38;5;3m[PrismaService] [39m[32mPrisma connected[39m
[32m[Nest] 31304  - [39m12/02/2026, 1:05:02 pm [32m    LOG[39m [38;5;3m[NestApplication] [39m[32mNest application successfully started[39m[38;5;3m +10ms[39m
[32m[Nest] 31304  - [39m12/02/2026, 1:06:44 pm [32m    LOG[39m [38;5;3m[RequestLogger] [39m[32m{"requestId":"0518e0e3-d29f-4830-ae65-1b94ac31751f","method":"GET","path":"/health","statusCode":200,"duration_ms":282,"userId":null,"orgId":null,"ip":"::1"}[39m
[32m[Nest] 31304  - [39m12/02/2026, 1:06:44 pm [32m    LOG[39m [38;5;3m[RequestLogger] [39m[32m{"requestId":"a32bc64c-9e7c-4ae1-ad95-d5e813f9b67b","method":"GET","path":"/auth/me","statusCode":401,"duration_ms":72,"userId":null,"orgId":null,"ip":"::1"}[39m
[32m[Nest] 31304  - [39m12/02/2026, 1:06:59 pm [32m    LOG[39m [38;5;3m[RequestLogger] [39m[32m{"requestId":"bd5a7f9c-e9bf-4e9b-8223-ec9b9a255e24","method":"POST","path":"/auth/login","statusCode":401,"duration_ms":4040,"userId":null,"orgId":null,"ip":"::1"}[39m
[32m[Nest] 31304  - [39m12/02/2026, 1:07:16 pm [32m    LOG[39m [38;5;3m[RequestLogger] [39m[32m{"requestId":"7501bac5-11f0-4c9b-b74a-f3cfbbb789cc","method":"POST","path":"/auth/login","statusCode":400,"duration_ms":26,"userId":null,"orgId":null,"ip":"::1"}[39m
[32m[Nest] 31304  - [39m12/02/2026, 1:07:34 pm [32m    LOG[39m [38;5;3m[RequestLogger] [39m[32m{"requestId":"314c82dc-7403-4c0a-9342-adaa73ca2b65","method":"POST","path":"/auth/login","statusCode":401,"duration_ms":1323,"userId":null,"orgId":null,"ip":"::1"}[39m
[32m[Nest] 31304  - [39m12/02/2026, 1:12:59 pm [32m    LOG[39m [38;5;3m[RequestLogger] [39m[32m{"requestId":"f6054e10-bea6-45d0-b5f1-267d34eedda5","method":"POST","path":"/auth/login","statusCode":201,"duration_ms":2519,"userId":null,"orgId":null,"ip":"::1"}[39m
[32m[Nest] 31304  - [39m12/02/2026, 1:13:16 pm [32m    LOG[39m [38;5;3m[RequestLogger] [39m[32m{"requestId":"9af8db75-2221-4bf7-830e-c983e54089c3","method":"GET","path":"/ready","statusCode":200,"duration_ms":50,"userId":null,"orgId":null,"ip":"::1"}[39m
[32m[Nest] 31304  - [39m12/02/2026, 1:28:42 pm [32m    LOG[39m [38;5;3m[RequestLogger] [39m[32m{"requestId":"cafa6d2a-6424-4e7e-968f-acfb4b68c04e","method":"POST","path":"/auth/login","statusCode":201,"duration_ms":948,"userId":null,"orgId":null,"ip":"::1"}[39m
[32m[Nest] 31304  - [39m12/02/2026, 1:41:14 pm [32m    LOG[39m [38;5;3m[RequestLogger] [39m[32m{"requestId":"b3f7ad29-2901-40c1-9a44-0c165921db39","method":"GET","path":"/health","statusCode":200,"duration_ms":30,"userId":null,"orgId":null,"ip":"::1"}[39m
[32m[Nest] 31304  - [39m12/02/2026, 1:51:32 pm [32m    LOG[39m [38;5;3m[RequestLogger] [39m[32m{"requestId":"a1bb9a11-cefb-4927-b165-6abfce698c3f","method":"POST","path":"/auth/refresh","statusCode":401,"duration_ms":566,"userId":null,"orgId":null,"ip":"::1"}[39m
[32m[Nest] 31304  - [39m12/02/2026, 1:51:37 pm [32m    LOG[39m [38;5;3m[RequestLogger] [39m[32m{"requestId":"94eb6f0d-c2f3-4b63-90e7-9f8038881887","method":"POST","path":"/auth/login","statusCode":201,"duration_ms":517,"userId":null,"orgId":null,"ip":"::1"}[39m
[32m[Nest] 31304  - [39m12/02/2026, 1:51:37 pm [32m    LOG[39m [38;5;3m[RequestLogger] [39m[32m{"requestId":"6cc7cee3-bf91-4feb-8a72-b26d1c288660","method":"GET","path":"/auth/me","statusCode":200,"duration_ms":86,"userId":"cfb15f56-bdb3-4ef1-8f43-fa704a04093b","orgId":"00000000-0000-0000-0000-000000000001","ip":"::1"}[39m
[32m[Nest] 31304  - [39m12/02/2026, 1:51:37 pm [32m    LOG[39m [38;5;3m[RequestLogger] [39m[32m{"requestId":"bfb66431-891c-4c0b-b89c-daa910c6512f","method":"GET","path":"/feed","statusCode":200,"duration_ms":80,"userId":"cfb15f56-bdb3-4ef1-8f43-fa704a04093b","orgId":"00000000-0000-0000-0000-000000000001","ip":"::1"}[39m
[32m[Nest] 31304  - [39m12/02/2026, 1:51:43 pm [32m    LOG[39m [38;5;3m[RequestLogger] [39m[32m{"requestId":"b014eac1-8eb8-411c-a7df-23e07a8d3c1e","method":"GET","path":"/auth/me","statusCode":200,"duration_ms":78,"userId":"cfb15f56-bdb3-4ef1-8f43-fa704a04093b","orgId":"00000000-0000-0000-0000-000000000001","ip":"::1"}[39m
[32m[Nest] 31304  - [39m12/02/2026, 1:51:43 pm [32m    LOG[39m [38;5;3m[RequestLogger] [39m[32m{"requestId":"4749c861-5d47-4e00-88c2-a523947c1196","method":"GET","path":"/nudges?mine=true&status=OPEN&page=1&pageSize=20&sortBy=createdAt&sortDir=desc","statusCode":200,"duration_ms":111,"userId":"cfb15f56-bdb3-4ef1-8f43-fa704a04093b","orgId":"00000000-0000-0000-0000-000000000001","ip":"::1"}[39m
[32m[Nest] 31304  - [39m12/02/2026, 1:51:43 pm [32m    LOG[39m [38;5;3m[RequestLogger] [39m[32m{"requestId":"5eb8fae1-fd4b-4c13-969c-47f1420ff70a","method":"GET","path":"/feed","statusCode":200,"duration_ms":16,"userId":"cfb15f56-bdb3-4ef1-8f43-fa704a04093b","orgId":"00000000-0000-0000-0000-000000000001","ip":"::1"}[39m
[32m[Nest] 31304  - [39m12/02/2026, 1:51:46 pm [32m    LOG[39m [38;5;3m[RequestLogger] [39m[32m{"requestId":"6e5f447c-a90c-4c5d-8476-ae4d73f07585","method":"GET","path":"/auth/me","statusCode":200,"duration_ms":12,"userId":"cfb15f56-bdb3-4ef1-8f43-fa704a04093b","orgId":"00000000-0000-0000-0000-000000000001","ip":"::1"}[39m
[32m[Nest] 31304  - [39m12/02/2026, 1:51:46 pm [32m    LOG[39m [38;5;3m[RequestLogger] [39m[32m{"requestId":"b78bcfd5-61fd-4a01-8a5f-0d763bca5260","method":"GET","path":"/feed","statusCode":200,"duration_ms":26,"userId":"cfb15f56-bdb3-4ef1-8f43-fa704a04093b","orgId":"00000000-0000-0000-0000-000000000001","ip":"::1"}[39m
[32m[Nest] 31304  - [39m12/02/2026, 1:51:46 pm [32m    LOG[39m [38;5;3m[RequestLogger] [39m[32m{"requestId":"d4e99e85-6fc5-4926-bc58-272e40ce00e9","method":"GET","path":"/users","statusCode":200,"duration_ms":138,"userId":"cfb15f56-bdb3-4ef1-8f43-fa704a04093b","orgId":"00000000-0000-0000-0000-000000000001","ip":"::1"}[39m
[32m[Nest] 31304  - [39m12/02/2026, 1:51:46 pm [32m    LOG[39m [38;5;3m[RequestLogger] [39m[32m{"requestId":"1bf2a94a-da2e-42c4-a82e-a50c465e1dd6","method":"GET","path":"/hygiene/inbox","statusCode":200,"duration_ms":162,"userId":"cfb15f56-bdb3-4ef1-8f43-fa704a04093b","orgId":"00000000-0000-0000-0000-000000000001","ip":"::1"}[39m
[32m[Nest] 31304  - [39m12/02/2026, 1:51:57 pm [32m    LOG[39m [38;5;3m[RequestLogger] [39m[32m{"requestId":"b5f5968f-ba77-4732-90ef-f4d5723180c3","method":"GET","path":"/auth/me","statusCode":200,"duration_ms":14,"userId":"cfb15f56-bdb3-4ef1-8f43-fa704a04093b","orgId":"00000000-0000-0000-0000-000000000001","ip":"::1"}[39m
[32m[Nest] 31304  - [39m12/02/2026, 1:51:57 pm [32m    LOG[39m [38;5;3m[RequestLogger] [39m[32m{"requestId":"daa64a9b-ad14-4dff-960c-edc541fc437a","method":"GET","path":"/feed","statusCode":200,"duration_ms":15,"userId":"cfb15f56-bdb3-4ef1-8f43-fa704a04093b","orgId":"00000000-0000-0000-0000-000000000001","ip":"::1"}[39m
[32m[Nest] 31304  - [39m12/02/2026, 1:51:59 pm [32m    LOG[39m [38;5;3m[RequestLogger] [39m[32m{"requestId":"9841df4b-704e-480f-8dfa-2e05af58839a","method":"GET","path":"/auth/me","statusCode":200,"duration_ms":17,"userId":"cfb15f56-bdb3-4ef1-8f43-fa704a04093b","orgId":"00000000-0000-0000-0000-000000000001","ip":"::1"}[39m
[32m[Nest] 31304  - [39m12/02/2026, 1:51:59 pm [32m    LOG[39m [38;5;3m[RequestLogger] [39m[32m{"requestId":"bb68de4c-dcbe-4a7a-9cb2-7e26b306456d","method":"GET","path":"/users","statusCode":200,"duration_ms":17,"userId":"cfb15f56-bdb3-4ef1-8f43-fa704a04093b","orgId":"00000000-0000-0000-0000-000000000001","ip":"::1"}[39m
[32m[Nest] 31304  - [39m12/02/2026, 1:51:59 pm [32m    LOG[39m [38;5;3m[RequestLogger] [39m[32m{"requestId":"9c1000e3-e16a-46c4-b086-69641142ce81","method":"GET","path":"/feed","statusCode":200,"duration_ms":11,"userId":"cfb15f56-bdb3-4ef1-8f43-fa704a04093b","orgId":"00000000-0000-0000-0000-000000000001","ip":"::1"}[39m
[32m[Nest] 31304  - [39m12/02/2026, 1:51:59 pm [32m    LOG[39m [38;5;3m[RequestLogger] [39m[32m{"requestId":"8245206b-6ec4-4b8a-90ce-32362bc7df7c","method":"GET","path":"/dashboard/ceo","statusCode":200,"duration_ms":142,"userId":"cfb15f56-bdb3-4ef1-8f43-fa704a04093b","orgId":"00000000-0000-0000-0000-000000000001","ip":"::1"}[39m
[32m[Nest] 31304  - [39m12/02/2026, 1:56:25 pm [32m    LOG[39m [38;5;3m[RequestLogger] [39m[32m{"requestId":"053b314a-4573-4393-8fe5-21aa9c893c8c","method":"GET","path":"/favicon.ico","statusCode":404,"duration_ms":93,"userId":null,"orgId":null,"ip":"::1"}[39m
[32m[Nest] 31304  - [39m12/02/2026, 1:58:39 pm [32m    LOG[39m [38;5;3m[RequestLogger] [39m[32m{"requestId":"fc6189fd-f57b-4975-ac3c-609d5da65555","method":"GET","path":"/auth/me","statusCode":200,"duration_ms":288,"userId":"cfb15f56-bdb3-4ef1-8f43-fa704a04093b","orgId":"00000000-0000-0000-0000-000000000001","ip":"::1"}[39m
[32m[Nest] 31304  - [39m12/02/2026, 1:58:39 pm [32m    LOG[39m [38;5;3m[RequestLogger] [39m[32m{"requestId":"5f6e87f8-8658-4a1a-bf5d-d2848ea208db","method":"GET","path":"/feed","statusCode":200,"duration_ms":32,"userId":"cfb15f56-bdb3-4ef1-8f43-fa704a04093b","orgId":"00000000-0000-0000-0000-000000000001","ip":"::1"}[39m
[32m[Nest] 31304  - [39m12/02/2026, 1:58:45 pm [32m    LOG[39m [38;5;3m[RequestLogger] [39m[32m{"requestId":"6ad89fbd-fbac-4a68-8c15-243e9cf09213","method":"GET","path":"/auth/me","statusCode":200,"duration_ms":8,"userId":"cfb15f56-bdb3-4ef1-8f43-fa704a04093b","orgId":"00000000-0000-0000-0000-000000000001","ip":"::1"}[39m
[32m[Nest] 31304  - [39m12/02/2026, 1:58:45 pm [32m    LOG[39m [38;5;3m[RequestLogger] [39m[32m{"requestId":"f0ca0c4a-4426-4126-b6d0-503e3885b0d3","method":"GET","path":"/nudges?mine=true&status=OPEN&page=1&pageSize=20&sortBy=createdAt&sortDir=desc","statusCode":200,"duration_ms":47,"userId":"cfb15f56-bdb3-4ef1-8f43-fa704a04093b","orgId":"00000000-0000-0000-0000-000000000001","ip":"::1"}[39m
[32m[Nest] 31304  - [39m12/02/2026, 1:58:45 pm [32m    LOG[39m [38;5;3m[RequestLogger] [39m[32m{"requestId":"19e5bf7d-c93e-45b0-842b-b3b6142140ea","method":"GET","path":"/feed","statusCode":200,"duration_ms":8,"userId":"cfb15f56-bdb3-4ef1-8f43-fa704a04093b","orgId":"00000000-0000-0000-0000-000000000001","ip":"::1"}[39m
[32m[Nest] 31304  - [39m12/02/2026, 1:58:57 pm [32m    LOG[39m [38;5;3m[RequestLogger] [39m[32m{"requestId":"2c962fd4-afae-430a-a0a7-7396bf8472e1","method":"GET","path":"/auth/me","statusCode":200,"duration_ms":20,"userId":"cfb15f56-bdb3-4ef1-8f43-fa704a04093b","orgId":"00000000-0000-0000-0000-000000000001","ip":"::1"}[39m
[32m[Nest] 31304  - [39m12/02/2026, 1:58:57 pm [32m    LOG[39m [38;5;3m[RequestLogger] [39m[32m{"requestId":"adb13c61-97ac-43fe-aaec-666cb94f1e80","method":"GET","path":"/invoices?page=1&pageSize=20&sortBy=dueDate&sortDir=asc","statusCode":200,"duration_ms":263,"userId":"cfb15f56-bdb3-4ef1-8f43-fa704a04093b","orgId":"00000000-0000-0000-0000-000000000001","ip":"::1"}[39m
[32m[Nest] 31304  - [39m12/02/2026, 1:58:57 pm [32m    LOG[39m [38;5;3m[RequestLogger] [39m[32m{"requestId":"b4689d73-c4ac-41c7-aef5-119f19021482","method":"GET","path":"/companies?page=1&pageSize=100&sortBy=name&sortDir=asc","statusCode":200,"duration_ms":143,"userId":"cfb15f56-bdb3-4ef1-8f43-fa704a04093b","orgId":"00000000-0000-0000-0000-000000000001","ip":"::1"}[39m
[32m[Nest] 31304  - [39m12/02/2026, 1:58:57 pm [32m    LOG[39m [38;5;3m[RequestLogger] [39m[32m{"requestId":"5810c4f6-ffa0-428d-9856-0971d6b794b8","method":"GET","path":"/deals?page=1&pageSize=100&sortBy=createdAt&sortDir=desc","statusCode":200,"duration_ms":39,"userId":"cfb15f56-bdb3-4ef1-8f43-fa704a04093b","orgId":"00000000-0000-0000-0000-000000000001","ip":"::1"}[39m
[32m[Nest] 31304  - [39m12/02/2026, 1:58:57 pm [32m    LOG[39m [38;5;3m[RequestLogger] [39m[32m{"requestId":"577a6e85-559c-469c-9a52-7564e57d5e3f","method":"GET","path":"/feed","statusCode":200,"duration_ms":86,"userId":"cfb15f56-bdb3-4ef1-8f43-fa704a04093b","orgId":"00000000-0000-0000-0000-000000000001","ip":"::1"}[39m
[32m[Nest] 31304  - [39m12/02/2026, 1:59:00 pm [32m    LOG[39m [38;5;3m[RequestLogger] [39m[32m{"requestId":"71e29c26-f290-4f8b-8481-ce7c081142aa","method":"GET","path":"/auth/me","statusCode":200,"duration_ms":23,"userId":"cfb15f56-bdb3-4ef1-8f43-fa704a04093b","orgId":"00000000-0000-0000-0000-000000000001","ip":"::1"}[39m
[32m[Nest] 31304  - [39m12/02/2026, 1:59:00 pm [32m    LOG[39m [38;5;3m[RequestLogger] [39m[32m{"requestId":"0dbb5c99-57e2-40a1-b997-b66ca3310a43","method":"GET","path":"/work-items?due=all&page=1&pageSize=40&sortBy=createdAt&sortDir=desc","statusCode":200,"duration_ms":26,"userId":"cfb15f56-bdb3-4ef1-8f43-fa704a04093b","orgId":"00000000-0000-0000-0000-000000000001","ip":"::1"}[39m
[32m[Nest] 31304  - [39m12/02/2026, 1:59:00 pm [32m    LOG[39m [38;5;3m[RequestLogger] [39m[32m{"requestId":"c81c1b89-548c-4e58-93ac-55f0bec8fbab","method":"GET","path":"/feed","statusCode":200,"duration_ms":7,"userId":"cfb15f56-bdb3-4ef1-8f43-fa704a04093b","orgId":"00000000-0000-0000-0000-000000000001","ip":"::1"}[39m
[32m[Nest] 31304  - [39m12/02/2026, 1:59:03 pm [32m    LOG[39m [38;5;3m[RequestLogger] [39m[32m{"requestId":"eaa9e782-a5dc-4a5f-a3cc-2b0ec656e56a","method":"GET","path":"/auth/me","statusCode":200,"duration_ms":7,"userId":"cfb15f56-bdb3-4ef1-8f43-fa704a04093b","orgId":"00000000-0000-0000-0000-000000000001","ip":"::1"}[39m
[32m[Nest] 31304  - [39m12/02/2026, 1:59:03 pm [32m    LOG[39m [38;5;3m[RequestLogger] [39m[32m{"requestId":"6a85cb07-771a-4f49-822f-ff2409a799d1","method":"GET","path":"/work-items?due=all&page=1&pageSize=40&sortBy=dueDate&sortDir=asc","statusCode":200,"duration_ms":16,"userId":"cfb15f56-bdb3-4ef1-8f43-fa704a04093b","orgId":"00000000-0000-0000-0000-000000000001","ip":"::1"}[39m
[32m[Nest] 31304  - [39m12/02/2026, 1:59:03 pm [32m    LOG[39m [38;5;3m[RequestLogger] [39m[32m{"requestId":"59c50d61-1268-4780-8f05-c8cca5c37c1d","method":"GET","path":"/feed","statusCode":200,"duration_ms":7,"userId":"cfb15f56-bdb3-4ef1-8f43-fa704a04093b","orgId":"00000000-0000-0000-0000-000000000001","ip":"::1"}[39m
[32m[Nest] 31304  - [39m12/02/2026, 1:59:05 pm [32m    LOG[39m [38;5;3m[RequestLogger] [39m[32m{"requestId":"adae3e9b-6930-484d-898c-acf0c95a0523","method":"GET","path":"/auth/me","statusCode":200,"duration_ms":9,"userId":"cfb15f56-bdb3-4ef1-8f43-fa704a04093b","orgId":"00000000-0000-0000-0000-000000000001","ip":"::1"}[39m
[32m[Nest] 31304  - [39m12/02/2026, 1:59:05 pm [32m    LOG[39m [38;5;3m[RequestLogger] [39m[32m{"requestId":"f59b7252-9f66-450a-aaab-56f893538a0a","method":"GET","path":"/companies?page=1&pageSize=20&sortBy=createdAt&sortDir=desc","statusCode":200,"duration_ms":16,"userId":"cfb15f56-bdb3-4ef1-8f43-fa704a04093b","orgId":"00000000-0000-0000-0000-000000000001","ip":"::1"}[39m
[32m[Nest] 31304  - [39m12/02/2026, 1:59:05 pm [32m    LOG[39m [38;5;3m[RequestLogger] [39m[32m{"requestId":"f89c468c-46a4-44ec-b686-d22bc275a70a","method":"GET","path":"/feed","statusCode":200,"duration_ms":7,"userId":"cfb15f56-bdb3-4ef1-8f43-fa704a04093b","orgId":"00000000-0000-0000-0000-000000000001","ip":"::1"}[39m
[32m[Nest] 31304  - [39m12/02/2026, 1:59:07 pm [32m    LOG[39m [38;5;3m[RequestLogger] [39m[32m{"requestId":"5ad19bd5-c4d0-4029-893a-ee296908d5b1","method":"GET","path":"/auth/me","statusCode":200,"duration_ms":25,"userId":"cfb15f56-bdb3-4ef1-8f43-fa704a04093b","orgId":"00000000-0000-0000-0000-000000000001","ip":"::1"}[39m
[32m[Nest] 31304  - [39m12/02/2026, 1:59:07 pm [32m    LOG[39m [38;5;3m[RequestLogger] [39m[32m{"requestId":"1f8ea7e3-7287-46bb-a28d-a1a854edf89c","method":"GET","path":"/leads?page=1&pageSize=20&sortBy=createdAt&sortDir=desc","statusCode":200,"duration_ms":131,"userId":"cfb15f56-bdb3-4ef1-8f43-fa704a04093b","orgId":"00000000-0000-0000-0000-000000000001","ip":"::1"}[39m
[32m[Nest] 31304  - [39m12/02/2026, 1:59:07 pm [32m    LOG[39m [38;5;3m[RequestLogger] [39m[32m{"requestId":"293aba89-c4cc-4288-b96a-b8dfc32bf060","method":"GET","path":"/companies?page=1&pageSize=100&sortBy=name&sortDir=asc","statusCode":200,"duration_ms":71,"userId":"cfb15f56-bdb3-4ef1-8f43-fa704a04093b","orgId":"00000000-0000-0000-0000-000000000001","ip":"::1"}[39m
[32m[Nest] 31304  - [39m12/02/2026, 1:59:07 pm [32m    LOG[39m [38;5;3m[RequestLogger] [39m[32m{"requestId":"b064cdb9-f2b5-4492-a3f1-93a2d6a3de85","method":"GET","path":"/feed","statusCode":200,"duration_ms":26,"userId":"cfb15f56-bdb3-4ef1-8f43-fa704a04093b","orgId":"00000000-0000-0000-0000-000000000001","ip":"::1"}[39m
[32m[Nest] 31304  - [39m12/02/2026, 1:59:09 pm [32m    LOG[39m [38;5;3m[RequestLogger] [39m[32m{"requestId":"b173668e-1264-43c1-af03-97c3224679df","method":"GET","path":"/auth/me","statusCode":200,"duration_ms":7,"userId":"cfb15f56-bdb3-4ef1-8f43-fa704a04093b","orgId":"00000000-0000-0000-0000-000000000001","ip":"::1"}[39m
[32m[Nest] 31304  - [39m12/02/2026, 1:59:09 pm [32m    LOG[39m [38;5;3m[RequestLogger] [39m[32m{"requestId":"81a8d1f5-77bf-4cc8-9ba9-9d6e6baa3b8e","method":"GET","path":"/deals?page=1&pageSize=20&sortBy=createdAt&sortDir=desc","statusCode":200,"duration_ms":18,"userId":"cfb15f56-bdb3-4ef1-8f43-fa704a04093b","orgId":"00000000-0000-0000-0000-000000000001","ip":"::1"}[39m
[32m[Nest] 31304  - [39m12/02/2026, 1:59:09 pm [32m    LOG[39m [38;5;3m[RequestLogger] [39m[32m{"requestId":"3bb5ef6c-5d14-443c-a85a-68a0ba9055c1","method":"GET","path":"/companies?page=1&pageSize=100&sortBy=name&sortDir=asc","statusCode":200,"duration_ms":20,"userId":"cfb15f56-bdb3-4ef1-8f43-fa704a04093b","orgId":"00000000-0000-0000-0000-000000000001","ip":"::1"}[39m
[32m[Nest] 31304  - [39m12/02/2026, 1:59:09 pm [32m    LOG[39m [38;5;3m[RequestLogger] [39m[32m{"requestId":"e438babb-d773-45bc-89d8-b9e032ec8f52","method":"GET","path":"/feed","statusCode":200,"duration_ms":8,"userId":"cfb15f56-bdb3-4ef1-8f43-fa704a04093b","orgId":"00000000-0000-0000-0000-000000000001","ip":"::1"}[39m
[32m[Nest] 31304  - [39m12/02/2026, 2:20:52 pm [32m    LOG[39m [38;5;3m[RequestLogger] [39m[32m{"requestId":"7bdecc00-62cc-46eb-b8a1-d6e99b8ca077","method":"POST","path":"/auth/refresh","statusCode":201,"duration_ms":917,"userId":null,"orgId":null,"ip":"::1"}[39m
[32m[Nest] 31304  - [39m12/02/2026, 2:20:52 pm [32m    LOG[39m [38;5;3m[RequestLogger] [39m[32m{"requestId":"87715ab6-02f8-4ae6-989d-4433ae5a6763","method":"GET","path":"/auth/me","statusCode":200,"duration_ms":49,"userId":"cfb15f56-bdb3-4ef1-8f43-fa704a04093b","orgId":"00000000-0000-0000-0000-000000000001","ip":"::1"}[39m
[32m[Nest] 31304  - [39m12/02/2026, 2:20:52 pm [32m    LOG[39m [38;5;3m[RequestLogger] [39m[32m{"requestId":"acfd8768-aa6a-435a-9be5-b0b0f6fe53e6","method":"GET","path":"/deals?page=1&pageSize=20&sortBy=createdAt&sortDir=desc","statusCode":200,"duration_ms":92,"userId":"cfb15f56-bdb3-4ef1-8f43-fa704a04093b","orgId":"00000000-0000-0000-0000-000000000001","ip":"::1"}[39m
[32m[Nest] 31304  - [39m12/02/2026, 2:20:52 pm [32m    LOG[39m [38;5;3m[RequestLogger] [39m[32m{"requestId":"36098c5e-4ec3-43cc-9934-d5db0fa11873","method":"GET","path":"/feed","statusCode":200,"duration_ms":41,"userId":"cfb15f56-bdb3-4ef1-8f43-fa704a04093b","orgId":"00000000-0000-0000-0000-000000000001","ip":"::1"}[39m
[32m[Nest] 31304  - [39m12/02/2026, 2:20:52 pm [32m    LOG[39m [38;5;3m[RequestLogger] [39m[32m{"requestId":"c5c675a9-42d9-426e-947e-00ac621be9ef","method":"GET","path":"/companies?page=1&pageSize=100&sortBy=name&sortDir=asc","statusCode":200,"duration_ms":228,"userId":"cfb15f56-bdb3-4ef1-8f43-fa704a04093b","orgId":"00000000-0000-0000-0000-000000000001","ip":"::1"}[39m
[32m[Nest] 31304  - [39m12/02/2026, 2:21:02 pm [32m    LOG[39m [38;5;3m[RequestLogger] [39m[32m{"requestId":"edb260c8-b612-49e2-b756-70e7387e3b35","method":"GET","path":"/auth/me","statusCode":200,"duration_ms":16,"userId":"cfb15f56-bdb3-4ef1-8f43-fa704a04093b","orgId":"00000000-0000-0000-0000-000000000001","ip":"::1"}[39m
[32m[Nest] 31304  - [39m12/02/2026, 2:21:02 pm [32m    LOG[39m [38;5;3m[RequestLogger] [39m[32m{"requestId":"66bef049-1e9d-4e9c-8fb2-6bee35ed7441","method":"GET","path":"/feed","statusCode":200,"duration_ms":31,"userId":"cfb15f56-bdb3-4ef1-8f43-fa704a04093b","orgId":"00000000-0000-0000-0000-000000000001","ip":"::1"}[39m
[32m[Nest] 31304  - [39m12/02/2026, 2:23:18 pm [32m    LOG[39m [38;5;3m[RequestLogger] [39m[32m{"requestId":"bda79119-0024-46b9-a394-71a8bce34127","method":"GET","path":"/health","statusCode":200,"duration_ms":4,"userId":null,"orgId":null,"ip":"::1"}[39m
[32m[Nest] 31304  - [39m12/02/2026, 2:24:58 pm [32m    LOG[39m [38;5;3m[RequestLogger] [39m[32m{"requestId":"616d6da1-8985-45ca-8161-956cbce8b9c2","method":"GET","path":"/health","statusCode":200,"duration_ms":2,"userId":null,"orgId":null,"ip":"::1"}[39m
[32m[Nest] 31304  - [39m12/02/2026, 2:24:58 pm [32m    LOG[39m [38;5;3m[RequestLogger] [39m[32m{"requestId":"9fb495d5-fb5a-4c44-a9d5-9657583731fc","method":"POST","path":"/auth/login","statusCode":201,"duration_ms":233,"userId":null,"orgId":null,"ip":"::1"}[39m
[32m[Nest] 31304  - [39m12/02/2026, 3:02:20 pm [32m    LOG[39m [38;5;3m[RequestLogger] [39m[32m{"requestId":"975288ef-b830-45ef-967e-d6b93f6a1c8b","method":"POST","path":"/auth/refresh","statusCode":201,"duration_ms":604,"userId":null,"orgId":null,"ip":"::1"}[39m
[32m[Nest] 31304  - [39m12/02/2026, 3:02:20 pm [32m    LOG[39m [38;5;3m[RequestLogger] [39m[32m{"requestId":"65c183d7-3f1f-417c-91e3-44ec6bc28e19","method":"GET","path":"/auth/me","statusCode":200,"duration_ms":17,"userId":"cfb15f56-bdb3-4ef1-8f43-fa704a04093b","orgId":"00000000-0000-0000-0000-000000000001","ip":"::1"}[39m
[32m[Nest] 31304  - [39m12/02/2026, 3:02:20 pm [32m    LOG[39m [38;5;3m[RequestLogger] [39m[32m{"requestId":"bc134b7d-2668-48b9-b889-89e370b44480","method":"GET","path":"/feed","statusCode":200,"duration_ms":29,"userId":"cfb15f56-bdb3-4ef1-8f43-fa704a04093b","orgId":"00000000-0000-0000-0000-000000000001","ip":"::1"}[39m
[32m[Nest] 31304  - [39m12/02/2026, 3:02:24 pm [32m    LOG[39m [38;5;3m[RequestLogger] [39m[32m{"requestId":"f0a5bc86-cac6-44de-91f5-199fcca3cb4c","method":"GET","path":"/auth/me","statusCode":200,"duration_ms":34,"userId":"cfb15f56-bdb3-4ef1-8f43-fa704a04093b","orgId":"00000000-0000-0000-0000-000000000001","ip":"::1"}[39m
[32m[Nest] 31304  - [39m12/02/2026, 3:02:24 pm [32m    LOG[39m [38;5;3m[RequestLogger] [39m[32m{"requestId":"5cc5c5d4-f7d0-4cdc-b375-1453e7cb17a8","method":"GET","path":"/dashboard/ceo","statusCode":200,"duration_ms":223,"userId":"cfb15f56-bdb3-4ef1-8f43-fa704a04093b","orgId":"00000000-0000-0000-0000-000000000001","ip":"::1"}[39m
[32m[Nest] 31304  - [39m12/02/2026, 3:02:24 pm [32m    LOG[39m [38;5;3m[RequestLogger] [39m[32m{"requestId":"17934cbd-4738-4dd1-904c-4130565bed17","method":"GET","path":"/feed","statusCode":200,"duration_ms":232,"userId":"cfb15f56-bdb3-4ef1-8f43-fa704a04093b","orgId":"00000000-0000-0000-0000-000000000001","ip":"::1"}[39m
[32m[Nest] 31304  - [39m12/02/2026, 3:02:24 pm [32m    LOG[39m [38;5;3m[RequestLogger] [39m[32m{"requestId":"c7c57be6-7cc8-4695-8860-846dab3a601e","method":"GET","path":"/users","statusCode":200,"duration_ms":258,"userId":"cfb15f56-bdb3-4ef1-8f43-fa704a04093b","orgId":"00000000-0000-0000-0000-000000000001","ip":"::1"}[39m
[32m[Nest] 31304  - [39m12/02/2026, 3:02:26 pm [32m    LOG[39m [38;5;3m[RequestLogger] [39m[32m{"requestId":"ac4b83f6-ccf5-406f-a026-87dd4e97bd59","method":"GET","path":"/auth/me","statusCode":200,"duration_ms":42,"userId":"cfb15f56-bdb3-4ef1-8f43-fa704a04093b","orgId":"00000000-0000-0000-0000-000000000001","ip":"::1"}[39m
[32m[Nest] 31304  - [39m12/02/2026, 3:02:26 pm [32m    LOG[39m [38;5;3m[RequestLogger] [39m[32m{"requestId":"0246291f-a851-456b-9d18-1757ba2f5324","method":"GET","path":"/hygiene/inbox","statusCode":200,"duration_ms":30,"userId":"cfb15f56-bdb3-4ef1-8f43-fa704a04093b","orgId":"00000000-0000-0000-0000-000000000001","ip":"::1"}[39m
[32m[Nest] 31304  - [39m12/02/2026, 3:02:26 pm [32m    LOG[39m [38;5;3m[RequestLogger] [39m[32m{"requestId":"43e3cdf5-2257-4f13-925b-7e7209bce1e4","method":"GET","path":"/users","statusCode":200,"duration_ms":20,"userId":"cfb15f56-bdb3-4ef1-8f43-fa704a04093b","orgId":"00000000-0000-0000-0000-000000000001","ip":"::1"}[39m
[32m[Nest] 31304  - [39m12/02/2026, 3:02:26 pm [32m    LOG[39m [38;5;3m[RequestLogger] [39m[32m{"requestId":"fa123a52-41e7-4bc4-8358-cba2a5970931","method":"GET","path":"/feed","statusCode":200,"duration_ms":16,"userId":"cfb15f56-bdb3-4ef1-8f43-fa704a04093b","orgId":"00000000-0000-0000-0000-000000000001","ip":"::1"}[39m
[32m[Nest] 31304  - [39m12/02/2026, 3:02:28 pm [32m    LOG[39m [38;5;3m[RequestLogger] [39m[32m{"requestId":"75f87ba0-e11d-43fd-8384-328ecc0d1aa5","method":"GET","path":"/auth/me","statusCode":200,"duration_ms":48,"userId":"cfb15f56-bdb3-4ef1-8f43-fa704a04093b","orgId":"00000000-0000-0000-0000-000000000001","ip":"::1"}[39m
[32m[Nest] 31304  - [39m12/02/2026, 3:02:28 pm [32m    LOG[39m [38;5;3m[RequestLogger] [39m[32m{"requestId":"9a6a1743-81a2-4b09-8c0d-79be9227c4dd","method":"GET","path":"/nudges?mine=true&status=OPEN&page=1&pageSize=20&sortBy=createdAt&sortDir=desc","statusCode":200,"duration_ms":50,"userId":"cfb15f56-bdb3-4ef1-8f43-fa704a04093b","orgId":"00000000-0000-0000-0000-000000000001","ip":"::1"}[39m
[32m[Nest] 31304  - [39m12/02/2026, 3:02:28 pm [32m    LOG[39m [38;5;3m[RequestLogger] [39m[32m{"requestId":"4a436fed-63ec-476b-98d6-f10cb3811cb9","method":"GET","path":"/feed","statusCode":200,"duration_ms":12,"userId":"cfb15f56-bdb3-4ef1-8f43-fa704a04093b","orgId":"00000000-0000-0000-0000-000000000001","ip":"::1"}[39m
[32m[Nest] 31304  - [39m12/02/2026, 3:02:30 pm [32m    LOG[39m [38;5;3m[RequestLogger] [39m[32m{"requestId":"c6468b33-cbc3-45f1-8c84-9445edb91a3b","method":"GET","path":"/auth/me","statusCode":200,"duration_ms":23,"userId":"cfb15f56-bdb3-4ef1-8f43-fa704a04093b","orgId":"00000000-0000-0000-0000-000000000001","ip":"::1"}[39m
[32m[Nest] 31304  - [39m12/02/2026, 3:02:30 pm [32m    LOG[39m [38;5;3m[RequestLogger] [39m[32m{"requestId":"12fdf71b-b58d-45b3-8bae-c29fae6bcf6e","method":"GET","path":"/invoices?page=1&pageSize=20&sortBy=dueDate&sortDir=asc","statusCode":200,"duration_ms":50,"userId":"cfb15f56-bdb3-4ef1-8f43-fa704a04093b","orgId":"00000000-0000-0000-0000-000000000001","ip":"::1"}[39m
[32m[Nest] 31304  - [39m12/02/2026, 3:02:30 pm [32m    LOG[39m [38;5;3m[RequestLogger] [39m[32m{"requestId":"b3140660-244d-4dbd-8576-4021549a7feb","method":"GET","path":"/companies?page=1&pageSize=100&sortBy=name&sortDir=asc","statusCode":200,"duration_ms":38,"userId":"cfb15f56-bdb3-4ef1-8f43-fa704a04093b","orgId":"00000000-0000-0000-0000-000000000001","ip":"::1"}[39m
[32m[Nest] 31304  - [39m12/02/2026, 3:02:30 pm [32m    LOG[39m [38;5;3m[RequestLogger] [39m[32m{"requestId":"bc97eff4-3472-4e82-9d76-dc31361f50b9","method":"GET","path":"/deals?page=1&pageSize=100&sortBy=createdAt&sortDir=desc","statusCode":200,"duration_ms":37,"userId":"cfb15f56-bdb3-4ef1-8f43-fa704a04093b","orgId":"00000000-0000-0000-0000-000000000001","ip":"::1"}[39m
[32m[Nest] 31304  - [39m12/02/2026, 3:02:30 pm [32m    LOG[39m [38;5;3m[RequestLogger] [39m[32m{"requestId":"a0b025d6-acab-49ae-b45f-4fd1adf01864","method":"GET","path":"/feed","statusCode":200,"duration_ms":10,"userId":"cfb15f56-bdb3-4ef1-8f43-fa704a04093b","orgId":"00000000-0000-0000-0000-000000000001","ip":"::1"}[39m
[32m[Nest] 31304  - [39m12/02/2026, 3:02:31 pm [32m    LOG[39m [38;5;3m[RequestLogger] [39m[32m{"requestId":"7271f521-1580-40b7-b6fa-37171c544264","method":"GET","path":"/auth/me","statusCode":200,"duration_ms":12,"userId":"cfb15f56-bdb3-4ef1-8f43-fa704a04093b","orgId":"00000000-0000-0000-0000-000000000001","ip":"::1"}[39m
[32m[Nest] 31304  - [39m12/02/2026, 3:02:32 pm [32m    LOG[39m [38;5;3m[RequestLogger] [39m[32m{"requestId":"6e041869-6f0f-4581-a18f-9ac53ddf8734","method":"GET","path":"/feed","statusCode":200,"duration_ms":14,"userId":"cfb15f56-bdb3-4ef1-8f43-fa704a04093b","orgId":"00000000-0000-0000-0000-000000000001","ip":"::1"}[39m
[32m[Nest] 31304  - [39m12/02/2026, 3:02:32 pm [32m    LOG[39m [38;5;3m[RequestLogger] [39m[32m{"requestId":"cab9fe9d-3e52-4a7b-b96b-0589a7292e45","method":"GET","path":"/work-items?due=all&page=1&pageSize=40&sortBy=createdAt&sortDir=desc","statusCode":200,"duration_ms":72,"userId":"cfb15f56-bdb3-4ef1-8f43-fa704a04093b","orgId":"00000000-0000-0000-0000-000000000001","ip":"::1"}[39m
[32m[Nest] 31304  - [39m12/02/2026, 3:02:33 pm [32m    LOG[39m [38;5;3m[RequestLogger] [39m[32m{"requestId":"c4acc6a5-ceae-4e3f-9838-53a6eba690d3","method":"GET","path":"/auth/me","statusCode":200,"duration_ms":33,"userId":"cfb15f56-bdb3-4ef1-8f43-fa704a04093b","orgId":"00000000-0000-0000-0000-000000000001","ip":"::1"}[39m
[32m[Nest] 31304  - [39m12/02/2026, 3:02:33 pm [32m    LOG[39m [38;5;3m[RequestLogger] [39m[32m{"requestId":"02abb04b-290a-4036-8765-7dad92900c97","method":"GET","path":"/work-items?due=all&page=1&pageSize=40&sortBy=dueDate&sortDir=asc","statusCode":200,"duration_ms":51,"userId":"cfb15f56-bdb3-4ef1-8f43-fa704a04093b","orgId":"00000000-0000-0000-0000-000000000001","ip":"::1"}[39m
[32m[Nest] 31304  - [39m12/02/2026, 3:02:33 pm [32m    LOG[39m [38;5;3m[RequestLogger] [39m[32m{"requestId":"1b7b96e1-cc22-47e0-b136-f70fd76147c9","method":"GET","path":"/feed","statusCode":200,"duration_ms":33,"userId":"cfb15f56-bdb3-4ef1-8f43-fa704a04093b","orgId":"00000000-0000-0000-0000-000000000001","ip":"::1"}[39m
[32m[Nest] 31304  - [39m12/02/2026, 3:02:34 pm [32m    LOG[39m [38;5;3m[RequestLogger] [39m[32m{"requestId":"6c2e791e-3295-4f20-91c2-a94ec9252091","method":"GET","path":"/auth/me","statusCode":200,"duration_ms":17,"userId":"cfb15f56-bdb3-4ef1-8f43-fa704a04093b","orgId":"00000000-0000-0000-0000-000000000001","ip":"::1"}[39m
[32m[Nest] 31304  - [39m12/02/2026, 3:02:35 pm [32m    LOG[39m [38;5;3m[RequestLogger] [39m[32m{"requestId":"3073e924-46ec-4215-bbc3-336c37f79b58","method":"GET","path":"/companies?page=1&pageSize=20&sortBy=createdAt&sortDir=desc","statusCode":200,"duration_ms":24,"userId":"cfb15f56-bdb3-4ef1-8f43-fa704a04093b","orgId":"00000000-0000-0000-0000-000000000001","ip":"::1"}[39m
[32m[Nest] 31304  - [39m12/02/2026, 3:02:35 pm [32m    LOG[39m [38;5;3m[RequestLogger] [39m[32m{"requestId":"25a1c159-4477-443e-8aa5-0910862dd23f","method":"GET","path":"/feed","statusCode":200,"duration_ms":12,"userId":"cfb15f56-bdb3-4ef1-8f43-fa704a04093b","orgId":"00000000-0000-0000-0000-000000000001","ip":"::1"}[39m
[32m[Nest] 31304  - [39m12/02/2026, 3:02:36 pm [32m    LOG[39m [38;5;3m[RequestLogger] [39m[32m{"requestId":"cf5dd0d0-67ee-4806-bdc9-f0f477d3b625","method":"GET","path":"/auth/me","statusCode":200,"duration_ms":28,"userId":"cfb15f56-bdb3-4ef1-8f43-fa704a04093b","orgId":"00000000-0000-0000-0000-000000000001","ip":"::1"}[39m
[32m[Nest] 31304  - [39m12/02/2026, 3:02:36 pm [32m    LOG[39m [38;5;3m[RequestLogger] [39m[32m{"requestId":"21bc9c5b-c095-4129-b748-36262e7180e8","method":"GET","path":"/leads?page=1&pageSize=20&sortBy=createdAt&sortDir=desc","statusCode":200,"duration_ms":28,"userId":"cfb15f56-bdb3-4ef1-8f43-fa704a04093b","orgId":"00000000-0000-0000-0000-000000000001","ip":"::1"}[39m
[32m[Nest] 31304  - [39m12/02/2026, 3:02:36 pm [32m    LOG[39m [38;5;3m[RequestLogger] [39m[32m{"requestId":"69f46f29-8715-4e7e-9513-4c0114e0d985","method":"GET","path":"/companies?page=1&pageSize=100&sortBy=name&sortDir=asc","statusCode":200,"duration_ms":28,"userId":"cfb15f56-bdb3-4ef1-8f43-fa704a04093b","orgId":"00000000-0000-0000-0000-000000000001","ip":"::1"}[39m
[32m[Nest] 31304  - [39m12/02/2026, 3:02:36 pm [32m    LOG[39m [38;5;3m[RequestLogger] [39m[32m{"requestId":"a232f790-c137-4235-99e3-add2d351b522","method":"GET","path":"/feed","statusCode":200,"duration_ms":15,"userId":"cfb15f56-bdb3-4ef1-8f43-fa704a04093b","orgId":"00000000-0000-0000-0000-000000000001","ip":"::1"}[39m
[32m[Nest] 31304  - [39m12/02/2026, 3:02:37 pm [32m    LOG[39m [38;5;3m[RequestLogger] [39m[32m{"requestId":"c556af48-efd5-4bea-9a64-1f38fc12589b","method":"GET","path":"/auth/me","statusCode":200,"duration_ms":21,"userId":"cfb15f56-bdb3-4ef1-8f43-fa704a04093b","orgId":"00000000-0000-0000-0000-000000000001","ip":"::1"}[39m
[32m[Nest] 31304  - [39m12/02/2026, 3:02:37 pm [32m    LOG[39m [38;5;3m[RequestLogger] [39m[32m{"requestId":"53f56b9b-684b-475d-a5ab-006cd86d1f22","method":"GET","path":"/deals?page=1&pageSize=20&sortBy=createdAt&sortDir=desc","statusCode":200,"duration_ms":24,"userId":"cfb15f56-bdb3-4ef1-8f43-fa704a04093b","orgId":"00000000-0000-0000-0000-000000000001","ip":"::1"}[39m
[32m[Nest] 31304  - [39m12/02/2026, 3:02:37 pm [32m    LOG[39m [38;5;3m[RequestLogger] [39m[32m{"requestId":"8b48257d-2661-4572-86c8-6f3790ffc93a","method":"GET","path":"/companies?page=1&pageSize=100&sortBy=name&sortDir=asc","statusCode":200,"duration_ms":22,"userId":"cfb15f56-bdb3-4ef1-8f43-fa704a04093b","orgId":"00000000-0000-0000-0000-000000000001","ip":"::1"}[39m
[32m[Nest] 31304  - [39m12/02/2026, 3:02:37 pm [32m    LOG[39m [38;5;3m[RequestLogger] [39m[32m{"requestId":"1ead3906-9137-44ab-84e0-1b42bfc33ff9","method":"GET","path":"/feed","statusCode":200,"duration_ms":12,"userId":"cfb15f56-bdb3-4ef1-8f43-fa704a04093b","orgId":"00000000-0000-0000-0000-000000000001","ip":"::1"}[39m
[32m[Nest] 31304  - [39m12/02/2026, 3:02:44 pm [32m    LOG[39m [38;5;3m[RequestLogger] [39m[32m{"requestId":"5e10084d-298d-4f53-8b2f-89faf601487c","method":"POST","path":"/auth/logout","statusCode":201,"duration_ms":36,"userId":null,"orgId":null,"ip":"::1"}[39m
[32m[Nest] 31304  - [39m12/02/2026, 3:03:01 pm [32m    LOG[39m [38;5;3m[RequestLogger] [39m[32m{"requestId":"ab5b33d7-1050-4ca1-a07b-69c1f85b9248","method":"GET","path":"/","statusCode":404,"duration_ms":7,"userId":null,"orgId":null,"ip":"::1"}[39m
[32m[Nest] 31304  - [39m12/02/2026, 3:04:39 pm [32m    LOG[39m [38;5;3m[RequestLogger] [39m[32m{"requestId":"8cd64a9c-a13f-43b2-b551-2ae60be22036","method":"GET","path":"/health","statusCode":200,"duration_ms":23,"userId":null,"orgId":null,"ip":"::1"}[39m
[32m[Nest] 31304  - [39m12/02/2026, 3:04:47 pm [32m    LOG[39m [38;5;3m[RequestLogger] [39m[32m{"requestId":"3e9bd08c-9653-4b7b-9f9f-22e89ac2bb25","method":"POST","path":"/auth/login","statusCode":201,"duration_ms":822,"userId":null,"orgId":null,"ip":"::1"}[39m
[32m[Nest] 31304  - [39m12/02/2026, 3:04:47 pm [32m    LOG[39m [38;5;3m[RequestLogger] [39m[32m{"requestId":"efcbe0b1-e959-4543-9848-c3f98dc6da41","method":"GET","path":"/auth/me","statusCode":200,"duration_ms":41,"userId":"cfb15f56-bdb3-4ef1-8f43-fa704a04093b","orgId":"00000000-0000-0000-0000-000000000001","ip":"::1"}[39m
[32m[Nest] 31304  - [39m12/02/2026, 3:04:47 pm [32m    LOG[39m [38;5;3m[RequestLogger] [39m[32m{"requestId":"ebf5876d-5b54-4a98-a581-514c8dd7a2b1","method":"GET","path":"/feed","statusCode":200,"duration_ms":35,"userId":"cfb15f56-bdb3-4ef1-8f43-fa704a04093b","orgId":"00000000-0000-0000-0000-000000000001","ip":"::1"}[39m
[32m[Nest] 31304  - [39m12/02/2026, 3:04:50 pm [32m    LOG[39m [38;5;3m[RequestLogger] [39m[32m{"requestId":"e81acc97-5026-4948-947b-70fa2000044b","method":"GET","path":"/auth/me","statusCode":200,"duration_ms":35,"userId":"cfb15f56-bdb3-4ef1-8f43-fa704a04093b","orgId":"00000000-0000-0000-0000-000000000001","ip":"::1"}[39m
[32m[Nest] 31304  - [39m12/02/2026, 3:04:50 pm [32m    LOG[39m [38;5;3m[RequestLogger] [39m[32m{"requestId":"3f9a71ca-5964-41e1-9180-15e86700910e","method":"GET","path":"/dashboard/ceo","statusCode":200,"duration_ms":110,"userId":"cfb15f56-bdb3-4ef1-8f43-fa704a04093b","orgId":"00000000-0000-0000-0000-000000000001","ip":"::1"}[39m
[32m[Nest] 31304  - [39m12/02/2026, 3:04:50 pm [32m    LOG[39m [38;5;3m[RequestLogger] [39m[32m{"requestId":"bd23fecf-3abe-469e-bc1f-fd916ff822ed","method":"GET","path":"/users","statusCode":200,"duration_ms":92,"userId":"cfb15f56-bdb3-4ef1-8f43-fa704a04093b","orgId":"00000000-0000-0000-0000-000000000001","ip":"::1"}[39m
[32m[Nest] 31304  - [39m12/02/2026, 3:04:50 pm [32m    LOG[39m [38;5;3m[RequestLogger] [39m[32m{"requestId":"2b1e1443-b6eb-45c2-90bd-2ae51c07dcef","method":"GET","path":"/feed","statusCode":200,"duration_ms":58,"userId":"cfb15f56-bdb3-4ef1-8f43-fa704a04093b","orgId":"00000000-0000-0000-0000-000000000001","ip":"::1"}[39m
[32m[Nest] 31304  - [39m12/02/2026, 3:04:52 pm [32m    LOG[39m [38;5;3m[RequestLogger] [39m[32m{"requestId":"8f0b25c3-d1c3-4f5d-b4ea-e18d3f1bbbc6","method":"GET","path":"/auth/me","statusCode":200,"duration_ms":119,"userId":"cfb15f56-bdb3-4ef1-8f43-fa704a04093b","orgId":"00000000-0000-0000-0000-000000000001","ip":"::1"}[39m
[32m[Nest] 31304  - [39m12/02/2026, 3:04:52 pm [32m    LOG[39m [38;5;3m[RequestLogger] [39m[32m{"requestId":"c67918b4-9e64-4f53-9308-bc1e202fa9c1","method":"GET","path":"/hygiene/inbox","statusCode":200,"duration_ms":97,"userId":"cfb15f56-bdb3-4ef1-8f43-fa704a04093b","orgId":"00000000-0000-0000-0000-000000000001","ip":"::1"}[39m
[32m[Nest] 31304  - [39m12/02/2026, 3:04:52 pm [32m    LOG[39m [38;5;3m[RequestLogger] [39m[32m{"requestId":"62825543-5676-4c33-b4c4-371d56ea48b7","method":"GET","path":"/users","statusCode":200,"duration_ms":60,"userId":"cfb15f56-bdb3-4ef1-8f43-fa704a04093b","orgId":"00000000-0000-0000-0000-000000000001","ip":"::1"}[39m
[32m[Nest] 31304  - [39m12/02/2026, 3:04:52 pm [32m    LOG[39m [38;5;3m[RequestLogger] [39m[32m{"requestId":"09e348ce-f3b0-4bf0-978d-d1ed399d7cc8","method":"GET","path":"/feed","statusCode":200,"duration_ms":78,"userId":"cfb15f56-bdb3-4ef1-8f43-fa704a04093b","orgId":"00000000-0000-0000-0000-000000000001","ip":"::1"}[39m
[32m[Nest] 31304  - [39m12/02/2026, 3:04:54 pm [32m    LOG[39m [38;5;3m[RequestLogger] [39m[32m{"requestId":"c3ff4be4-6a3a-4efd-a9b9-00f71fd92df0","method":"GET","path":"/auth/me","statusCode":200,"duration_ms":88,"userId":"cfb15f56-bdb3-4ef1-8f43-fa704a04093b","orgId":"00000000-0000-0000-0000-000000000001","ip":"::1"}[39m
[32m[Nest] 31304  - [39m12/02/2026, 3:04:54 pm [32m    LOG[39m [38;5;3m[RequestLogger] [39m[32m{"requestId":"9126e380-3805-4e89-afc9-c5cd80e64c44","method":"GET","path":"/nudges?mine=true&status=OPEN&page=1&pageSize=20&sortBy=createdAt&sortDir=desc","statusCode":200,"duration_ms":117,"userId":"cfb15f56-bdb3-4ef1-8f43-fa704a04093b","orgId":"00000000-0000-0000-0000-000000000001","ip":"::1"}[39m
[32m[Nest] 31304  - [39m12/02/2026, 3:04:54 pm [32m    LOG[39m [38;5;3m[RequestLogger] [39m[32m{"requestId":"482a83c2-9006-491c-8ba9-448b166c45cb","method":"GET","path":"/feed","statusCode":200,"duration_ms":49,"userId":"cfb15f56-bdb3-4ef1-8f43-fa704a04093b","orgId":"00000000-0000-0000-0000-000000000001","ip":"::1"}[39m
[32m[Nest] 31304  - [39m12/02/2026, 3:04:56 pm [32m    LOG[39m [38;5;3m[RequestLogger] [39m[32m{"requestId":"1f5687cf-de14-439c-931e-35d7bfeaa6e8","method":"GET","path":"/auth/me","statusCode":200,"duration_ms":15,"userId":"cfb15f56-bdb3-4ef1-8f43-fa704a04093b","orgId":"00000000-0000-0000-0000-000000000001","ip":"::1"}[39m
[32m[Nest] 31304  - [39m12/02/2026, 3:04:56 pm [32m    LOG[39m [38;5;3m[RequestLogger] [39m[32m{"requestId":"b13e910e-9b73-45e6-827f-50347f1b7190","method":"GET","path":"/feed","statusCode":200,"duration_ms":20,"userId":"cfb15f56-bdb3-4ef1-8f43-fa704a04093b","orgId":"00000000-0000-0000-0000-000000000001","ip":"::1"}[39m
[32m[Nest] 31304  - [39m12/02/2026, 3:07:08 pm [32m    LOG[39m [38;5;3m[RequestLogger] [39m[32m{"requestId":"93cd67f9-f319-4db5-a4e4-da7507b97d63","method":"GET","path":"/auth/me","statusCode":200,"duration_ms":235,"userId":"cfb15f56-bdb3-4ef1-8f43-fa704a04093b","orgId":"00000000-0000-0000-0000-000000000001","ip":"::1"}[39m
[32m[Nest] 31304  - [39m12/02/2026, 3:07:08 pm [32m    LOG[39m [38;5;3m[RequestLogger] [39m[32m{"requestId":"8cb14125-4261-4c05-a6c2-76aedac0364c","method":"GET","path":"/deals?page=1&pageSize=100&sortBy=createdAt&sortDir=desc","statusCode":200,"duration_ms":168,"userId":"cfb15f56-bdb3-4ef1-8f43-fa704a04093b","orgId":"00000000-0000-0000-0000-000000000001","ip":"::1"}[39m
[32m[Nest] 31304  - [39m12/02/2026, 3:07:08 pm [32m    LOG[39m [38;5;3m[RequestLogger] [39m[32m{"requestId":"11ddb514-36d3-4c5f-8978-1d88e27227c0","method":"GET","path":"/invoices?page=1&pageSize=20&sortBy=dueDate&sortDir=asc","statusCode":200,"duration_ms":256,"userId":"cfb15f56-bdb3-4ef1-8f43-fa704a04093b","orgId":"00000000-0000-0000-0000-000000000001","ip":"::1"}[39m
[32m[Nest] 31304  - [39m12/02/2026, 3:07:08 pm [32m    LOG[39m [38;5;3m[RequestLogger] [39m[32m{"requestId":"ed2f32fa-47d2-4daf-bf2a-c8c1a6b887f7","method":"GET","path":"/companies?page=1&pageSize=100&sortBy=name&sortDir=asc","statusCode":200,"duration_ms":243,"userId":"cfb15f56-bdb3-4ef1-8f43-fa704a04093b","orgId":"00000000-0000-0000-0000-000000000001","ip":"::1"}[39m
[32m[Nest] 31304  - [39m12/02/2026, 3:07:08 pm [32m    LOG[39m [38;5;3m[RequestLogger] [39m[32m{"requestId":"6530bd9e-7f88-4023-ba48-0008fa5724db","method":"GET","path":"/feed","statusCode":200,"duration_ms":76,"userId":"cfb15f56-bdb3-4ef1-8f43-fa704a04093b","orgId":"00000000-0000-0000-0000-000000000001","ip":"::1"}[39m
[32m[Nest] 31304  - [39m12/02/2026, 3:17:07 pm [32m    LOG[39m [38;5;3m[RequestLogger] [39m[32m{"requestId":"50b65e78-10aa-446b-b82b-8670edefd776","method":"GET","path":"/health","statusCode":200,"duration_ms":28,"userId":null,"orgId":null,"ip":"::1"}[39m
[32m[Nest] 31304  - [39m12/02/2026, 3:20:34 pm [32m    LOG[39m [38;5;3m[RequestLogger] [39m[32m{"requestId":"bf639a2f-651e-40e5-9cfc-46125d7e6056","method":"GET","path":"/auth/me","statusCode":401,"duration_ms":76,"userId":null,"orgId":null,"ip":"::1"}[39m
[32m[Nest] 31304  - [39m12/02/2026, 3:20:34 pm [32m    LOG[39m [38;5;3m[RequestLogger] [39m[32m{"requestId":"4b65212c-2e5f-4cd8-bc65-947490af7b46","method":"POST","path":"/auth/refresh","statusCode":201,"duration_ms":453,"userId":null,"orgId":null,"ip":"::1"}[39m
[32m[Nest] 31304  - [39m12/02/2026, 3:20:34 pm [32m    LOG[39m [38;5;3m[RequestLogger] [39m[32m{"requestId":"f405992c-c462-4a3c-be93-6d368351a55f","method":"GET","path":"/auth/me","statusCode":200,"duration_ms":15,"userId":"cfb15f56-bdb3-4ef1-8f43-fa704a04093b","orgId":"00000000-0000-0000-0000-000000000001","ip":"::1"}[39m
[32m[Nest] 31304  - [39m12/02/2026, 3:20:34 pm [32m    LOG[39m [38;5;3m[RequestLogger] [39m[32m{"requestId":"05326b2a-2030-4aaa-9078-e982c747f299","method":"GET","path":"/feed","statusCode":200,"duration_ms":19,"userId":"cfb15f56-bdb3-4ef1-8f43-fa704a04093b","orgId":"00000000-0000-0000-0000-000000000001","ip":"::1"}[39m
[32m[Nest] 31304  - [39m12/02/2026, 3:25:08 pm [32m    LOG[39m [38;5;3m[RequestLogger] [39m[32m{"requestId":"9d4a424d-3c1a-4e9b-9a25-7062fc602b22","method":"GET","path":"/","statusCode":404,"duration_ms":76,"userId":null,"orgId":null,"ip":"::1"}[39m
[32m[Nest] 31304  - [39m12/02/2026, 3:25:13 pm [32m    LOG[39m [38;5;3m[RequestLogger] [39m[32m{"requestId":"abaedf90-0ecf-4fcb-9e94-db7762cd827c","method":"POST","path":"/auth/refresh","statusCode":201,"duration_ms":392,"userId":null,"orgId":null,"ip":"::1"}[39m
[32m[Nest] 31304  - [39m12/02/2026, 3:25:13 pm [32m    LOG[39m [38;5;3m[RequestLogger] [39m[32m{"requestId":"eb1cdf60-1aad-4257-a540-89b9e89a98d4","method":"GET","path":"/auth/me","statusCode":200,"duration_ms":20,"userId":"cfb15f56-bdb3-4ef1-8f43-fa704a04093b","orgId":"00000000-0000-0000-0000-000000000001","ip":"::1"}[39m
[32m[Nest] 31304  - [39m12/02/2026, 3:25:13 pm [32m    LOG[39m [38;5;3m[RequestLogger] [39m[32m{"requestId":"6d9e242c-7c2c-450d-9c1c-f611d402985a","method":"GET","path":"/feed","statusCode":200,"duration_ms":23,"userId":"cfb15f56-bdb3-4ef1-8f43-fa704a04093b","orgId":"00000000-0000-0000-0000-000000000001","ip":"::1"}[39m
[32m[Nest] 31304  - [39m12/02/2026, 3:25:16 pm [32m    LOG[39m [38;5;3m[RequestLogger] [39m[32m{"requestId":"2ea1aefb-63a7-45cd-baa5-93f8e03132d9","method":"GET","path":"/auth/me","statusCode":200,"duration_ms":205,"userId":"cfb15f56-bdb3-4ef1-8f43-fa704a04093b","orgId":"00000000-0000-0000-0000-000000000001","ip":"::1"}[39m
[32m[Nest] 31304  - [39m12/02/2026, 3:25:16 pm [32m    LOG[39m [38;5;3m[RequestLogger] [39m[32m{"requestId":"75a79232-6629-4601-93b2-7ffefe772d53","method":"GET","path":"/users","statusCode":200,"duration_ms":454,"userId":"cfb15f56-bdb3-4ef1-8f43-fa704a04093b","orgId":"00000000-0000-0000-0000-000000000001","ip":"::1"}[39m
[32m[Nest] 31304  - [39m12/02/2026, 3:25:16 pm [32m    LOG[39m [38;5;3m[RequestLogger] [39m[32m{"requestId":"7622b169-fea9-41f4-8ef7-abce1161ac70","method":"GET","path":"/dashboard/ceo","statusCode":200,"duration_ms":653,"userId":"cfb15f56-bdb3-4ef1-8f43-fa704a04093b","orgId":"00000000-0000-0000-0000-000000000001","ip":"::1"}[39m
[32m[Nest] 31304  - [39m12/02/2026, 3:25:16 pm [32m    LOG[39m [38;5;3m[RequestLogger] [39m[32m{"requestId":"b3eea939-40a0-4f94-b0a0-4a0c90f2b8de","method":"GET","path":"/feed","statusCode":200,"duration_ms":343,"userId":"cfb15f56-bdb3-4ef1-8f43-fa704a04093b","orgId":"00000000-0000-0000-0000-000000000001","ip":"::1"}[39m
[32m[Nest] 31304  - [39m12/02/2026, 3:25:20 pm [32m    LOG[39m [38;5;3m[RequestLogger] [39m[32m{"requestId":"a253b1fa-a206-412f-9de1-cf94da25074f","method":"GET","path":"/auth/me","statusCode":200,"duration_ms":54,"userId":"cfb15f56-bdb3-4ef1-8f43-fa704a04093b","orgId":"00000000-0000-0000-0000-000000000001","ip":"::1"}[39m
[32m[Nest] 31304  - [39m12/02/2026, 3:25:20 pm [32m    LOG[39m [38;5;3m[RequestLogger] [39m[32m{"requestId":"fb8518b8-e72a-4e30-a06f-eb1cda8673f1","method":"GET","path":"/nudges?mine=true&status=OPEN&page=1&pageSize=20&sortBy=createdAt&sortDir=desc","statusCode":200,"duration_ms":45,"userId":"cfb15f56-bdb3-4ef1-8f43-fa704a04093b","orgId":"00000000-0000-0000-0000-000000000001","ip":"::1"}[39m
[32m[Nest] 31304  - [39m12/02/2026, 3:25:20 pm [32m    LOG[39m [38;5;3m[RequestLogger] [39m[32m{"requestId":"2eb8ec75-c432-4dc4-8e2c-656d13a7936e","method":"GET","path":"/feed","statusCode":200,"duration_ms":14,"userId":"cfb15f56-bdb3-4ef1-8f43-fa704a04093b","orgId":"00000000-0000-0000-0000-000000000001","ip":"::1"}[39m
[32m[Nest] 31304  - [39m12/02/2026, 3:25:22 pm [32m    LOG[39m [38;5;3m[RequestLogger] [39m[32m{"requestId":"721418b0-2598-4e95-9b5f-a7560d99ecce","method":"GET","path":"/auth/me","statusCode":200,"duration_ms":22,"userId":"cfb15f56-bdb3-4ef1-8f43-fa704a04093b","orgId":"00000000-0000-0000-0000-000000000001","ip":"::1"}[39m
[32m[Nest] 31304  - [39m12/02/2026, 3:25:22 pm [32m    LOG[39m [38;5;3m[RequestLogger] [39m[32m{"requestId":"038c1f6e-48cb-40c4-98a3-4e5e7daa9ff8","method":"GET","path":"/invoices?page=1&pageSize=20&sortBy=dueDate&sortDir=asc","statusCode":200,"duration_ms":71,"userId":"cfb15f56-bdb3-4ef1-8f43-fa704a04093b","orgId":"00000000-0000-0000-0000-000000000001","ip":"::1"}[39m
[32m[Nest] 31304  - [39m12/02/2026, 3:25:22 pm [32m    LOG[39m [38;5;3m[RequestLogger] [39m[32m{"requestId":"a64fb57d-41a8-43e2-ac7a-0f8fe31f586e","method":"GET","path":"/companies?page=1&pageSize=100&sortBy=name&sortDir=asc","statusCode":200,"duration_ms":92,"userId":"cfb15f56-bdb3-4ef1-8f43-fa704a04093b","orgId":"00000000-0000-0000-0000-000000000001","ip":"::1"}[39m
[32m[Nest] 31304  - [39m12/02/2026, 3:25:22 pm [32m    LOG[39m [38;5;3m[RequestLogger] [39m[32m{"requestId":"203351f0-d461-4daf-a544-c8fd8d1fc8b9","method":"GET","path":"/deals?page=1&pageSize=100&sortBy=createdAt&sortDir=desc","statusCode":200,"duration_ms":41,"userId":"cfb15f56-bdb3-4ef1-8f43-fa704a04093b","orgId":"00000000-0000-0000-0000-000000000001","ip":"::1"}[39m
[32m[Nest] 31304  - [39m12/02/2026, 3:25:22 pm [32m    LOG[39m [38;5;3m[RequestLogger] [39m[32m{"requestId":"ee8efe9f-9dc2-4075-a023-cee9a6a89c41","method":"GET","path":"/feed","statusCode":200,"duration_ms":32,"userId":"cfb15f56-bdb3-4ef1-8f43-fa704a04093b","orgId":"00000000-0000-0000-0000-000000000001","ip":"::1"}[39m
[32m[Nest] 31304  - [39m12/02/2026, 3:25:27 pm [32m    LOG[39m [38;5;3m[RequestLogger] [39m[32m{"requestId":"759d71fa-81df-467b-8e7f-df01da54f91b","method":"GET","path":"/auth/me","statusCode":200,"duration_ms":30,"userId":"cfb15f56-bdb3-4ef1-8f43-fa704a04093b","orgId":"00000000-0000-0000-0000-000000000001","ip":"::1"}[39m
[32m[Nest] 31304  - [39m12/02/2026, 3:25:27 pm [32m    LOG[39m [38;5;3m[RequestLogger] [39m[32m{"requestId":"18a34a94-9a6f-40f6-9ea5-9df11c0b105f","method":"GET","path":"/work-items?due=all&page=1&pageSize=40&sortBy=dueDate&sortDir=asc","statusCode":200,"duration_ms":43,"userId":"cfb15f56-bdb3-4ef1-8f43-fa704a04093b","orgId":"00000000-0000-0000-0000-000000000001","ip":"::1"}[39m
[32m[Nest] 31304  - [39m12/02/2026, 3:25:27 pm [32m    LOG[39m [38;5;3m[RequestLogger] [39m[32m{"requestId":"cc8c5580-89e3-4b1d-a035-a3c419604f5a","method":"GET","path":"/feed","statusCode":200,"duration_ms":11,"userId":"cfb15f56-bdb3-4ef1-8f43-fa704a04093b","orgId":"00000000-0000-0000-0000-000000000001","ip":"::1"}[39m
[32m[Nest] 31304  - [39m12/02/2026, 3:25:29 pm [32m    LOG[39m [38;5;3m[RequestLogger] [39m[32m{"requestId":"d5fbaff8-01c3-44ed-8902-43d9a6e3263b","method":"GET","path":"/auth/me","statusCode":200,"duration_ms":22,"userId":"cfb15f56-bdb3-4ef1-8f43-fa704a04093b","orgId":"00000000-0000-0000-0000-000000000001","ip":"::1"}[39m
[32m[Nest] 31304  - [39m12/02/2026, 3:25:29 pm [32m    LOG[39m [38;5;3m[RequestLogger] [39m[32m{"requestId":"78385ccd-7ee3-415c-8216-c3b831f9eb13","method":"GET","path":"/leads?page=1&pageSize=20&sortBy=createdAt&sortDir=desc","statusCode":200,"duration_ms":32,"userId":"cfb15f56-bdb3-4ef1-8f43-fa704a04093b","orgId":"00000000-0000-0000-0000-000000000001","ip":"::1"}[39m
[32m[Nest] 31304  - [39m12/02/2026, 3:25:29 pm [32m    LOG[39m [38;5;3m[RequestLogger] [39m[32m{"requestId":"5d1e205e-c407-47ef-9932-7c875b06d221","method":"GET","path":"/companies?page=1&pageSize=100&sortBy=name&sortDir=asc","statusCode":200,"duration_ms":17,"userId":"cfb15f56-bdb3-4ef1-8f43-fa704a04093b","orgId":"00000000-0000-0000-0000-000000000001","ip":"::1"}[39m
[32m[Nest] 31304  - [39m12/02/2026, 3:25:29 pm [32m    LOG[39m [38;5;3m[RequestLogger] [39m[32m{"requestId":"bd98422c-47d6-46af-89c9-1c4b7ecadd40","method":"GET","path":"/feed","statusCode":200,"duration_ms":15,"userId":"cfb15f56-bdb3-4ef1-8f43-fa704a04093b","orgId":"00000000-0000-0000-0000-000000000001","ip":"::1"}[39m
[32m[Nest] 31304  - [39m12/02/2026, 3:25:33 pm [32m    LOG[39m [38;5;3m[RequestLogger] [39m[32m{"requestId":"92e3aec2-e326-4cef-be44-a35b584462a7","method":"POST","path":"/auth/logout","statusCode":201,"duration_ms":94,"userId":null,"orgId":null,"ip":"::1"}[39m
[32m[Nest] 31304  - [39m12/02/2026, 3:25:36 pm [32m    LOG[39m [38;5;3m[RequestLogger] [39m[32m{"requestId":"306ced51-37ce-4695-9bd8-87486287ae4e","method":"POST","path":"/auth/login","statusCode":201,"duration_ms":299,"userId":null,"orgId":null,"ip":"::1"}[39m
[32m[Nest] 31304  - [39m12/02/2026, 3:25:36 pm [32m    LOG[39m [38;5;3m[RequestLogger] [39m[32m{"requestId":"43c9a9ac-5914-40c9-b17b-e18814202f40","method":"GET","path":"/auth/me","statusCode":200,"duration_ms":10,"userId":"cfb15f56-bdb3-4ef1-8f43-fa704a04093b","orgId":"00000000-0000-0000-0000-000000000001","ip":"::1"}[39m
[32m[Nest] 31304  - [39m12/02/2026, 3:25:36 pm [32m    LOG[39m [38;5;3m[RequestLogger] [39m[32m{"requestId":"f26022f9-613e-447c-80a0-b4632a693a28","method":"GET","path":"/feed","statusCode":200,"duration_ms":22,"userId":"cfb15f56-bdb3-4ef1-8f43-fa704a04093b","orgId":"00000000-0000-0000-0000-000000000001","ip":"::1"}[39m
[32m[Nest] 31304  - [39m12/02/2026, 3:25:47 pm [32m    LOG[39m [38;5;3m[RequestLogger] [39m[32m{"requestId":"01bb7118-c256-4c26-a95c-affbcd08c02f","method":"GET","path":"/auth/me","statusCode":200,"duration_ms":27,"userId":"cfb15f56-bdb3-4ef1-8f43-fa704a04093b","orgId":"00000000-0000-0000-0000-000000000001","ip":"::1"}[39m
[32m[Nest] 31304  - [39m12/02/2026, 3:25:47 pm [32m    LOG[39m [38;5;3m[RequestLogger] [39m[32m{"requestId":"95791464-ffc7-4f7e-bf40-092fa1eb9dbd","method":"GET","path":"/nudges?mine=true&status=OPEN&page=1&pageSize=20&sortBy=createdAt&sortDir=desc","statusCode":200,"duration_ms":23,"userId":"cfb15f56-bdb3-4ef1-8f43-fa704a04093b","orgId":"00000000-0000-0000-0000-000000000001","ip":"::1"}[39m
[32m[Nest] 31304  - [39m12/02/2026, 3:25:47 pm [32m    LOG[39m [38;5;3m[RequestLogger] [39m[32m{"requestId":"bc42f3af-13e5-4973-848a-5a0f7a54af24","method":"GET","path":"/feed","statusCode":200,"duration_ms":9,"userId":"cfb15f56-bdb3-4ef1-8f43-fa704a04093b","orgId":"00000000-0000-0000-0000-000000000001","ip":"::1"}[39m
[32m[Nest] 31304  - [39m12/02/2026, 3:26:31 pm [32m    LOG[39m [38;5;3m[RequestLogger] [39m[32m{"requestId":"3d9982b6-1d26-4889-884d-a91cd8ba986f","method":"POST","path":"/auth/refresh","statusCode":201,"duration_ms":36,"userId":null,"orgId":null,"ip":"::1"}[39m
[32m[Nest] 31304  - [39m12/02/2026, 3:26:31 pm [32m    LOG[39m [38;5;3m[RequestLogger] [39m[32m{"requestId":"b1a3c2c7-92c9-4668-9e0c-5a0ec73dad30","method":"GET","path":"/auth/me","statusCode":200,"duration_ms":10,"userId":"cfb15f56-bdb3-4ef1-8f43-fa704a04093b","orgId":"00000000-0000-0000-0000-000000000001","ip":"::1"}[39m
[32m[Nest] 31304  - [39m12/02/2026, 3:26:31 pm [32m    LOG[39m [38;5;3m[RequestLogger] [39m[32m{"requestId":"9ff93a6a-1a5e-41a8-b9f5-50b33a7495ad","method":"GET","path":"/nudges?mine=true&status=OPEN&page=1&pageSize=20&sortBy=createdAt&sortDir=desc","statusCode":200,"duration_ms":16,"userId":"cfb15f56-bdb3-4ef1-8f43-fa704a04093b","orgId":"00000000-0000-0000-0000-000000000001","ip":"::1"}[39m
[32m[Nest] 31304  - [39m12/02/2026, 3:26:32 pm [32m    LOG[39m [38;5;3m[RequestLogger] [39m[32m{"requestId":"f2067e87-491a-48a9-b5f7-ceb29eead75d","method":"GET","path":"/feed","statusCode":200,"duration_ms":17,"userId":"cfb15f56-bdb3-4ef1-8f43-fa704a04093b","orgId":"00000000-0000-0000-0000-000000000001","ip":"::1"}[39m
[32m[Nest] 31304  - [39m12/02/2026, 3:26:35 pm [32m    LOG[39m [38;5;3m[RequestLogger] [39m[32m{"requestId":"af49c35a-c783-4380-86b0-c3d84673b317","method":"GET","path":"/auth/me","statusCode":200,"duration_ms":17,"userId":"cfb15f56-bdb3-4ef1-8f43-fa704a04093b","orgId":"00000000-0000-0000-0000-000000000001","ip":"::1"}[39m
[32m[Nest] 31304  - [39m12/02/2026, 3:26:35 pm [32m    LOG[39m [38;5;3m[RequestLogger] [39m[32m{"requestId":"530d77f4-9315-4f44-9dc6-dc2d7652b890","method":"GET","path":"/feed","statusCode":200,"duration_ms":9,"userId":"cfb15f56-bdb3-4ef1-8f43-fa704a04093b","orgId":"00000000-0000-0000-0000-000000000001","ip":"::1"}[39m
[32m[Nest] 31304  - [39m12/02/2026, 3:26:37 pm [32m    LOG[39m [38;5;3m[RequestLogger] [39m[32m{"requestId":"b69432aa-33a7-4eaa-a038-ac1be4307695","method":"POST","path":"/auth/refresh","statusCode":201,"duration_ms":40,"userId":null,"orgId":null,"ip":"::1"}[39m
[32m[Nest] 31304  - [39m12/02/2026, 3:26:37 pm [32m    LOG[39m [38;5;3m[RequestLogger] [39m[32m{"requestId":"70a49fb8-85e2-42e3-a2bb-d4a0f963346f","method":"GET","path":"/auth/me","statusCode":200,"duration_ms":9,"userId":"cfb15f56-bdb3-4ef1-8f43-fa704a04093b","orgId":"00000000-0000-0000-0000-000000000001","ip":"::1"}[39m
[32m[Nest] 31304  - [39m12/02/2026, 3:26:37 pm [32m    LOG[39m [38;5;3m[RequestLogger] [39m[32m{"requestId":"801f4d1b-153f-4ef7-81b1-ef1cc7bd9887","method":"GET","path":"/feed","statusCode":200,"duration_ms":8,"userId":"cfb15f56-bdb3-4ef1-8f43-fa704a04093b","orgId":"00000000-0000-0000-0000-000000000001","ip":"::1"}[39m
[32m[Nest] 31304  - [39m12/02/2026, 3:27:17 pm [32m    LOG[39m [38;5;3m[RequestLogger] [39m[32m{"requestId":"87b91b71-f968-495d-90a6-e115a66bda69","method":"GET","path":"/health","statusCode":200,"duration_ms":5,"userId":null,"orgId":null,"ip":"::1"}[39m
